11:42:16,567 DEBUG modify:132 - ooo Using Connection [com.mysql.jdbc.JDBC4Connection@262b2c86]
11:42:16,583 DEBUG modify:132 - ==>  Preparing: update user SET userName=?, userPassword=? where id = ? 
11:42:16,723 DEBUG modify:132 - ==> Parameters: aa(String), 123(String), 1(Integer)
11:54:52,696 DEBUG mod:132 - ooo Using Connection [com.mysql.jdbc.JDBC4Connection@262b2c86]
11:54:52,696 DEBUG mod:132 - ==>  Preparing: update user set userName=?, userPassword=? where id = ? 
11:54:52,853 DEBUG mod:132 - ==> Parameters: aaa(String), 1232(String), 1(Integer)
12:31:49,069 DEBUG getUserList:132 - ooo Using Connection [com.mysql.jdbc.JDBC4Connection@6121c9d6]
12:31:49,069 DEBUG getUserList:132 - ==>  Preparing: select * from user where userName like CONCAT ('%',?,'%') 
12:31:49,116 DEBUG getUserList:132 - ==> Parameters: aaa(String)
18:16:16,514 DEBUG getUserList:132 - ooo Using Connection [com.mysql.jdbc.JDBC4Connection@6121c9d6]
18:16:16,542 DEBUG getUserList:132 - ==>  Preparing: select * from user where userName like CONCAT ('%',?,'%') 
18:16:16,582 DEBUG getUserList:132 - ==> Parameters: aaa(String)
18:19:20,968 DEBUG getUserList:132 - ooo Using Connection [com.mysql.jdbc.JDBC4Connection@6121c9d6]
18:19:20,974 DEBUG getUserList:132 - ==>  Preparing: select * from user where userName like CONCAT ('%',?,'%') 
18:19:21,104 DEBUG getUserList:132 - ==> Parameters: aaa(String)
08:58:19,766 DEBUG getUserList:132 - ooo Using Connection [com.mysql.jdbc.JDBC4Connection@6121c9d6]
08:58:19,797 DEBUG getUserList:132 - ==>  Preparing: select * from user where userName like CONCAT ('%',?,'%') 
08:58:19,922 DEBUG getUserList:132 - ==> Parameters: aaa(String)
09:10:36,687 DEBUG getUserList:132 - ooo Using Connection [com.mysql.jdbc.JDBC4Connection@6121c9d6]
09:10:36,718 DEBUG getUserList:132 - ==>  Preparing: select * from user where userName like CONCAT ('%',?,'%') 
09:10:36,812 DEBUG getUserList:132 - ==> Parameters: aaa(String)
13:15:29,904 DEBUG mod:132 - ooo Using Connection [com.mysql.jdbc.JDBC4Connection@7a3d45bd]
13:15:29,966 DEBUG mod:132 - ==>  Preparing: update user set userName=?, userPassword=? where id = ? 
13:15:29,998 DEBUG mod:132 - ==> Parameters: aaa(String), 1232(String), 1(Integer)
13:15:58,967 DEBUG modify:132 - ooo Using Connection [com.mysql.jdbc.JDBC4Connection@7a3d45bd]
13:15:58,983 DEBUG modify:132 - ==>  Preparing: update user SET userName=?, userPassword=? where id = ? 
13:15:59,077 DEBUG modify:132 - ==> Parameters: aa(String), 123(String), 1(Integer)
13:16:22,408 DEBUG mod:132 - ooo Using Connection [com.mysql.jdbc.JDBC4Connection@7a3d45bd]
13:16:22,423 DEBUG mod:132 - ==>  Preparing: update user set userName=?, userPassword=? where id = ? 
13:16:22,658 DEBUG mod:132 - ==> Parameters: aaa(String), 1232(String), 1(Integer)
13:16:39,583 DEBUG getUserList:132 - ooo Using Connection [com.mysql.jdbc.JDBC4Connection@6121c9d6]
13:16:39,599 DEBUG getUserList:132 - ==>  Preparing: select * from user where userName like CONCAT ('%',?,'%') 
13:16:39,895 DEBUG getUserList:132 - ==> Parameters: aaa(String)
13:16:48,277 DEBUG mod:132 - ooo Using Connection [com.mysql.jdbc.JDBC4Connection@7a3d45bd]
13:16:48,324 DEBUG mod:132 - ==>  Preparing: update user set userName=?, userPassword=? where id = ? 
13:16:48,434 DEBUG mod:132 - ==> Parameters: aaa(String), 1232(String), 1(Integer)
13:20:33,219 DEBUG getUserList:132 - ooo Using Connection [com.mysql.jdbc.JDBC4Connection@6121c9d6]
13:20:33,219 DEBUG getUserList:132 - ==>  Preparing: select * from user where and userName like CONCAT ('%',?,'%') 
13:20:33,359 DEBUG getUserList:132 - ==> Parameters: aaa(String)
13:24:28,365 DEBUG mod:132 - ooo Using Connection [com.mysql.jdbc.JDBC4Connection@7a3d45bd]
13:24:28,365 DEBUG mod:132 - ==>  Preparing: update user set userName=?, userPassword=? where id = ? 
13:24:28,506 DEBUG mod:132 - ==> Parameters: aaa(String), 1232(String), 1(Integer)
13:29:34,238 DEBUG modify:132 - ooo Using Connection [com.mysql.jdbc.JDBC4Connection@7a3d45bd]
13:29:34,254 DEBUG modify:132 - ==>  Preparing: update user SET userName=? userPassword=? where id = ? 
13:29:34,519 DEBUG modify:132 - ==> Parameters: aa(String), 123(String), 1(Integer)
13:30:00,780 DEBUG modify:132 - ooo Using Connection [com.mysql.jdbc.JDBC4Connection@7a3d45bd]
13:30:00,796 DEBUG modify:132 - ==>  Preparing: update user SET userName=?, userPassword=? where id = ? 
13:30:00,936 DEBUG modify:132 - ==> Parameters: aa(String), 123(String), 1(Integer)
13:58:33,685 DEBUG getifset:132 - ooo Using Connection [com.mysql.jdbc.JDBC4Connection@7a3d45bd]
13:58:33,794 DEBUG getifset:132 - ==>  Preparing: UPDATE user SET userName=? userPassword=? WHERE id=? 
13:58:33,993 DEBUG getifset:132 - ==> Parameters: aaa(String), 1111(String), 1(Integer)
13:58:55,935 DEBUG getifset:132 - ooo Using Connection [com.mysql.jdbc.JDBC4Connection@7a3d45bd]
13:58:55,935 DEBUG getifset:132 - ==>  Preparing: UPDATE user SET userName=?, userPassword=? WHERE id=? 
13:58:55,998 DEBUG getifset:132 - ==> Parameters: aaa(String), 1111(String), 1(Integer)
14:38:20,663 DEBUG getifset:132 - ooo Using Connection [com.mysql.jdbc.JDBC4Connection@7a3d45bd]
14:38:20,663 DEBUG getifset:132 - ==>  Preparing: UPDATE user SET userName=?, userPassword=? WHERE id=? 
14:38:20,804 DEBUG getifset:132 - ==> Parameters: aaa(String), 1111(String), 1(Integer)
09:03:44,235 DEBUG getUserList:132 - ooo Using Connection [com.mysql.jdbc.JDBC4Connection@6121c9d6]
09:03:44,266 DEBUG getUserList:132 - ==>  Preparing: select * from user where userName like CONCAT ('%',?,'%') 
09:03:44,297 DEBUG getUserList:132 - ==> Parameters: aaa(String)
